{
  "0 debug pnpm:scope": {
    "selected": 1
  },
  "1 error pnpm": {
    "code": "ELIFECYCLE",
    "errno": "ENOENT",
    "syscall": "spawn",
    "file": "sh",
    "pkgid": "lchessanalysis@1.0.0",
    "stage": "test:watch",
    "script": "vitest --watch",
    "pkgname": "lchessanalysis",
    "err": {
      "name": "pnpm",
      "message": "lchessanalysis@1.0.0 test:watch: `vitest --watch`\nspawn ENOENT",
      "code": "ELIFECYCLE",
      "stack": "pnpm: lchessanalysis@1.0.0 test:watch: `vitest --watch`\nspawn ENOENT\n    at ChildProcess.<anonymous> (/home/eguneys/.config/yarn/global/node_modules/pnpm/dist/pnpm.cjs:95169:22)\n    at ChildProcess.emit (node:events:537:28)\n    at maybeClose (node:internal/child_process:1091:16)\n    at ChildProcess._handle.onexit (node:internal/child_process:302:5)"
    }
  },
  "2 warn pnpm:global": " Local package.json exists, but node_modules missing, did you mean to install?"
}